<?xml version="1.0" encoding="UTF-8"?>
<!-- Generated by org.testng.reporters.JUnitReportReporter -->
<testsuite hostname="LAPTOP-6883ILH2" failures="0" tests="1" name="com.qa.testcases.LoginTestCRM" time="7.036" errors="0" timestamp="2022-07-22T00:03:43 IST" skipped="0">
  <testcase classname="com.qa.testcases.LoginTestCRM" name="loginApp" time="7.036"/>
  <system-out/>
</testsuite> <!-- com.qa.testcases.LoginTestCRM -->
